La regla es inútil debido a los conflictos

   63 bloque_obstaculos: bloque_obstaculos asignacion

   72 bucle: %empty

   74 condicional: %empty


Estado 111 conflictos: 11 desplazamiento/reducción, 11 reducción/reducción
Estado 128 conflictos: 14 reducción/reducción
Estado 148 conflictos: 11 desplazamiento/reducción, 11 reducción/reducción
Estado 163 conflictos: 11 desplazamiento/reducción, 11 reducción/reducción
Estado 176 conflictos: 11 desplazamiento/reducción, 11 reducción/reducción
Estado 192 conflictos: 11 desplazamiento/reducción, 11 reducción/reducción


Gramática

    0 $accept: lista_instrucciones $end

    1 lista_instrucciones: %empty
    2                    | DEFINICIONES '\n' bloque_definiciones CONFIGURACION '\n' bloque_configuracion OBSTACULOS '\n' bloque_obstaculos EJEMPLOS '\n' bloque_ejemplos
    3                    | CONFIGURACION '\n' bloque_configuracion OBSTACULOS '\n' bloque_obstaculos EJEMPLOS '\n' bloque_ejemplos
    4                    | asignacion lista_instrucciones
    5                    | declaracion '\n' lista_instrucciones

    6 asignacion: VARIABLE '=' expr '\n'
    7           | VARIABLE '=' CADENA '\n'
    8           | VARIABLE '=' '<' expr ',' expr '>' '\n'
    9           | VARIABLE '=' expr_logica '\n'
   10           | ESCRIBIR CADENA '\n'
   11           | ESCRIBIR expr '\n'
   12           | ESCRIBIR expr_logica '\n'
   13           | error '\n'

   14 declaracion: INT VARIABLE
   15            | FLOAT VARIABLE
   16            | STRING VARIABLE
   17            | POS VARIABLE
   18            | declaracion ',' VARIABLE
   19            | error '\n'

   20 expr: REAL
   21     | ENTERO
   22     | VARIABLE
   23     | '(' expr ')'
   24     | expr '+' expr
   25     | expr '-' expr
   26     | expr '*' expr
   27     | expr '/' expr
   28     | expr '^' expr
   29     | expr '%' expr
   30     | '-' expr

   31 expr_logica: BOOL
   32            | '(' expr_logica ')'
   33            | expr '<' expr
   34            | expr '>' expr
   35            | expr LE expr
   36            | expr GE expr
   37            | expr EQ expr
   38            | expr NE expr
   39            | expr_logica AND expr_logica
   40            | expr_logica OR expr_logica
   41            | NOT expr_logica

   42 bloque_definiciones: %empty
   43                    | declaracion '\n' bloque_definiciones
   44                    | asignacion bloque_definiciones

   45 bloque_configuracion: %empty
   46                     | DIMENSION expr bloque_configuracion '\n'
   47                     | bloque_configuracion ENTRADA expr '\n'
   48                     | bloque_configuracion ENTRADA '<' expr ',' expr '>' '\n'
   49                     | bloque_configuracion SALIDA expr '\n'
   50                     | bloque_configuracion SALIDA '<' expr ',' expr '>' '\n'
   51                     | bloque_configuracion PAUSA expr '\n'

   52 bloque_obstaculos: %empty
   53                  | bloque_obstaculos asignacion
   54                  | bloque_obstaculos OBSTACULO '<' expr ',' expr '>' '\n'
   55                  | bloque_obstaculos OBSTACULO VARIABLE '\n'
   56                  | bloque_obstaculos SUR expr '\n'
   57                  | bloque_obstaculos ESTE expr '\n'
   58                  | bloque_obstaculos OESTE expr '\n'
   59                  | bloque_obstaculos NORTE expr '\n'
   60                  | bloque_obstaculos OBSTACULO '\n'
   61                  | bloque_obstaculos bucle
   62                  | bloque_obstaculos condicional
   63                  | bloque_obstaculos asignacion

   64 bloque_ejemplos: %empty
   65                | bloque_ejemplos EJEMPLO VARIABLE '\n' bloque_ejemplos_anidado FINEJEMPLO '\n'

   66 bloque_ejemplos_anidado: %empty
   67                        | bloque_ejemplos_anidado SUR expr '\n'
   68                        | bloque_ejemplos_anidado ESTE expr '\n'
   69                        | bloque_ejemplos_anidado OESTE expr '\n'
   70                        | bloque_ejemplos_anidado NORTE expr '\n'
   71                        | bloque_ejemplos_anidado asignacion

   72 bucle: %empty
   73      | REPITE expr '\n' bloque_obstaculos FINREPITE '\n'

   74 condicional: %empty
   75            | IF expr_logica '\n' THEN '\n' bloque_obstaculos ELSE '\n' bloque_obstaculos ENDIF '\n'


Terminales con las reglas donde aparecen

$end (0) 0
'\n' (10) 2 3 5 6 7 8 9 10 11 12 13 19 43 46 47 48 49 50 51 54 55 56
    57 58 59 60 65 67 68 69 70 73 75
'%' (37) 29
'(' (40) 23 32
')' (41) 23 32
'*' (42) 26
'+' (43) 24
',' (44) 8 18 48 50 54
'-' (45) 25 30
'/' (47) 27
'<' (60) 8 33 48 50 54
'=' (61) 6 7 8 9
'>' (62) 8 34 48 50 54
'^' (94) 28
error (256) 13 19
BOOL (258) 31
ENTERO (259) 21
OBSTACULO (260) 54 55 60
VARIABLE (261) 6 7 8 9 14 15 16 17 18 22 55 65
ESCRIBIR (262) 10 11 12
CADENA (263) 7 10
DEFINICIONES (264) 2
CONFIGURACION (265) 2 3
OBSTACULOS (266) 2 3
EJEMPLOS (267) 2 3
DIMENSION (268) 46
ENTRADA (269) 47 48
SALIDA (270) 49 50
PAUSA (271) 51
NORTE (272) 59 70
SUR (273) 56 67
ESTE (274) 57 68
OESTE (275) 58 69
EJEMPLO (276) 65
FINEJEMPLO (277) 65
REPITE (278) 73
FINREPITE (279) 73
IF (280) 75
THEN (281) 75
ELSE (282) 75
ENDIF (283) 75
REAL (284) 20
INT (285) 14
FLOAT (286) 15
STRING (287) 16
POS (288) 17
OR (289) 40
AND (290) 39
NOT (291) 41
LE (292) 35
GE (293) 36
EQ (294) 37
NE (295) 38
menos (296)


No terminales con las reglas donde aparecen

$accept (55)
    en la izquierda: 0
lista_instrucciones (56)
    en la izquierda: 1 2 3 4 5, en la derecha: 0 4 5
asignacion (57)
    en la izquierda: 6 7 8 9 10 11 12 13, en la derecha: 4 44 53 63
    71
declaracion (58)
    en la izquierda: 14 15 16 17 18 19, en la derecha: 5 18 43
expr (59)
    en la izquierda: 20 21 22 23 24 25 26 27 28 29 30, en la derecha:
    6 8 11 23 24 25 26 27 28 29 30 33 34 35 36 37 38 46 47 48 49 50
    51 54 56 57 58 59 67 68 69 70 73
expr_logica (60)
    en la izquierda: 31 32 33 34 35 36 37 38 39 40 41, en la derecha:
    9 12 32 39 40 41 75
bloque_definiciones (61)
    en la izquierda: 42 43 44, en la derecha: 2 43 44
bloque_configuracion (62)
    en la izquierda: 45 46 47 48 49 50 51, en la derecha: 2 3 46 47
    48 49 50 51
bloque_obstaculos (63)
    en la izquierda: 52 53 54 55 56 57 58 59 60 61 62 63, en la derecha:
    2 3 53 54 55 56 57 58 59 60 61 62 63 73 75
bloque_ejemplos (64)
    en la izquierda: 64 65, en la derecha: 2 3 65
bloque_ejemplos_anidado (65)
    en la izquierda: 66 67 68 69 70 71, en la derecha: 65 67 68 69
    70 71
bucle (66)
    en la izquierda: 72 73, en la derecha: 61
condicional (67)
    en la izquierda: 74 75, en la derecha: 62


Estado 0

    0 $accept: . lista_instrucciones $end

    error          desplazar e ir al estado 1
    VARIABLE       desplazar e ir al estado 2
    ESCRIBIR       desplazar e ir al estado 3
    DEFINICIONES   desplazar e ir al estado 4
    CONFIGURACION  desplazar e ir al estado 5
    INT            desplazar e ir al estado 6
    FLOAT          desplazar e ir al estado 7
    STRING         desplazar e ir al estado 8
    POS            desplazar e ir al estado 9

    $end  reduce usando la regla 1 (lista_instrucciones)

    lista_instrucciones  ir al estado 10
    asignacion           ir al estado 11
    declaracion          ir al estado 12


Estado 1

   13 asignacion: error . '\n'
   19 declaracion: error . '\n'

    '\n'  desplazar e ir al estado 13


Estado 2

    6 asignacion: VARIABLE . '=' expr '\n'
    7           | VARIABLE . '=' CADENA '\n'
    8           | VARIABLE . '=' '<' expr ',' expr '>' '\n'
    9           | VARIABLE . '=' expr_logica '\n'

    '='  desplazar e ir al estado 14


Estado 3

   10 asignacion: ESCRIBIR . CADENA '\n'
   11           | ESCRIBIR . expr '\n'
   12           | ESCRIBIR . expr_logica '\n'

    BOOL      desplazar e ir al estado 15
    ENTERO    desplazar e ir al estado 16
    VARIABLE  desplazar e ir al estado 17
    CADENA    desplazar e ir al estado 18
    REAL      desplazar e ir al estado 19
    NOT       desplazar e ir al estado 20
    '-'       desplazar e ir al estado 21
    '('       desplazar e ir al estado 22

    expr         ir al estado 23
    expr_logica  ir al estado 24


Estado 4

    2 lista_instrucciones: DEFINICIONES . '\n' bloque_definiciones CONFIGURACION '\n' bloque_configuracion OBSTACULOS '\n' bloque_obstaculos EJEMPLOS '\n' bloque_ejemplos

    '\n'  desplazar e ir al estado 25


Estado 5

    3 lista_instrucciones: CONFIGURACION . '\n' bloque_configuracion OBSTACULOS '\n' bloque_obstaculos EJEMPLOS '\n' bloque_ejemplos

    '\n'  desplazar e ir al estado 26


Estado 6

   14 declaracion: INT . VARIABLE

    VARIABLE  desplazar e ir al estado 27


Estado 7

   15 declaracion: FLOAT . VARIABLE

    VARIABLE  desplazar e ir al estado 28


Estado 8

   16 declaracion: STRING . VARIABLE

    VARIABLE  desplazar e ir al estado 29


Estado 9

   17 declaracion: POS . VARIABLE

    VARIABLE  desplazar e ir al estado 30


Estado 10

    0 $accept: lista_instrucciones . $end

    $end  desplazar e ir al estado 31


Estado 11

    4 lista_instrucciones: asignacion . lista_instrucciones

    error          desplazar e ir al estado 1
    VARIABLE       desplazar e ir al estado 2
    ESCRIBIR       desplazar e ir al estado 3
    DEFINICIONES   desplazar e ir al estado 4
    CONFIGURACION  desplazar e ir al estado 5
    INT            desplazar e ir al estado 6
    FLOAT          desplazar e ir al estado 7
    STRING         desplazar e ir al estado 8
    POS            desplazar e ir al estado 9

    $end  reduce usando la regla 1 (lista_instrucciones)

    lista_instrucciones  ir al estado 32
    asignacion           ir al estado 11
    declaracion          ir al estado 12


Estado 12

    5 lista_instrucciones: declaracion . '\n' lista_instrucciones
   18 declaracion: declaracion . ',' VARIABLE

    '\n'  desplazar e ir al estado 33
    ','   desplazar e ir al estado 34


Estado 13

   13 asignacion: error '\n' .
   19 declaracion: error '\n' .

    '\n'      reduce usando la regla 19 (declaracion)
    ','       reduce usando la regla 19 (declaracion)
    $default  reduce usando la regla 13 (asignacion)


Estado 14

    6 asignacion: VARIABLE '=' . expr '\n'
    7           | VARIABLE '=' . CADENA '\n'
    8           | VARIABLE '=' . '<' expr ',' expr '>' '\n'
    9           | VARIABLE '=' . expr_logica '\n'

    BOOL      desplazar e ir al estado 15
    ENTERO    desplazar e ir al estado 16
    VARIABLE  desplazar e ir al estado 17
    CADENA    desplazar e ir al estado 35
    REAL      desplazar e ir al estado 19
    NOT       desplazar e ir al estado 20
    '<'       desplazar e ir al estado 36
    '-'       desplazar e ir al estado 21
    '('       desplazar e ir al estado 22

    expr         ir al estado 37
    expr_logica  ir al estado 38


Estado 15

   31 expr_logica: BOOL .

    $default  reduce usando la regla 31 (expr_logica)


Estado 16

   21 expr: ENTERO .

    $default  reduce usando la regla 21 (expr)


Estado 17

   22 expr: VARIABLE .

    $default  reduce usando la regla 22 (expr)


Estado 18

   10 asignacion: ESCRIBIR CADENA . '\n'

    '\n'  desplazar e ir al estado 39


Estado 19

   20 expr: REAL .

    $default  reduce usando la regla 20 (expr)


Estado 20

   41 expr_logica: NOT . expr_logica

    BOOL      desplazar e ir al estado 15
    ENTERO    desplazar e ir al estado 16
    VARIABLE  desplazar e ir al estado 17
    REAL      desplazar e ir al estado 19
    NOT       desplazar e ir al estado 20
    '-'       desplazar e ir al estado 21
    '('       desplazar e ir al estado 22

    expr         ir al estado 40
    expr_logica  ir al estado 41


Estado 21

   30 expr: '-' . expr

    ENTERO    desplazar e ir al estado 16
    VARIABLE  desplazar e ir al estado 17
    REAL      desplazar e ir al estado 19
    '-'       desplazar e ir al estado 21
    '('       desplazar e ir al estado 42

    expr  ir al estado 43


Estado 22

   23 expr: '(' . expr ')'
   32 expr_logica: '(' . expr_logica ')'

    BOOL      desplazar e ir al estado 15
    ENTERO    desplazar e ir al estado 16
    VARIABLE  desplazar e ir al estado 17
    REAL      desplazar e ir al estado 19
    NOT       desplazar e ir al estado 20
    '-'       desplazar e ir al estado 21
    '('       desplazar e ir al estado 22

    expr         ir al estado 44
    expr_logica  ir al estado 45


Estado 23

   11 asignacion: ESCRIBIR expr . '\n'
   24 expr: expr . '+' expr
   25     | expr . '-' expr
   26     | expr . '*' expr
   27     | expr . '/' expr
   28     | expr . '^' expr
   29     | expr . '%' expr
   33 expr_logica: expr . '<' expr
   34            | expr . '>' expr
   35            | expr . LE expr
   36            | expr . GE expr
   37            | expr . EQ expr
   38            | expr . NE expr

    LE    desplazar e ir al estado 46
    GE    desplazar e ir al estado 47
    EQ    desplazar e ir al estado 48
    NE    desplazar e ir al estado 49
    '<'   desplazar e ir al estado 50
    '>'   desplazar e ir al estado 51
    '+'   desplazar e ir al estado 52
    '-'   desplazar e ir al estado 53
    '*'   desplazar e ir al estado 54
    '/'   desplazar e ir al estado 55
    '%'   desplazar e ir al estado 56
    '^'   desplazar e ir al estado 57
    '\n'  desplazar e ir al estado 58


Estado 24

   12 asignacion: ESCRIBIR expr_logica . '\n'
   39 expr_logica: expr_logica . AND expr_logica
   40            | expr_logica . OR expr_logica

    OR    desplazar e ir al estado 59
    AND   desplazar e ir al estado 60
    '\n'  desplazar e ir al estado 61


Estado 25

    2 lista_instrucciones: DEFINICIONES '\n' . bloque_definiciones CONFIGURACION '\n' bloque_configuracion OBSTACULOS '\n' bloque_obstaculos EJEMPLOS '\n' bloque_ejemplos

    error     desplazar e ir al estado 1
    VARIABLE  desplazar e ir al estado 2
    ESCRIBIR  desplazar e ir al estado 3
    INT       desplazar e ir al estado 6
    FLOAT     desplazar e ir al estado 7
    STRING    desplazar e ir al estado 8
    POS       desplazar e ir al estado 9

    CONFIGURACION  reduce usando la regla 42 (bloque_definiciones)

    asignacion           ir al estado 62
    declaracion          ir al estado 63
    bloque_definiciones  ir al estado 64


Estado 26

    3 lista_instrucciones: CONFIGURACION '\n' . bloque_configuracion OBSTACULOS '\n' bloque_obstaculos EJEMPLOS '\n' bloque_ejemplos

    DIMENSION  desplazar e ir al estado 65

    $default  reduce usando la regla 45 (bloque_configuracion)

    bloque_configuracion  ir al estado 66


Estado 27

   14 declaracion: INT VARIABLE .

    $default  reduce usando la regla 14 (declaracion)


Estado 28

   15 declaracion: FLOAT VARIABLE .

    $default  reduce usando la regla 15 (declaracion)


Estado 29

   16 declaracion: STRING VARIABLE .

    $default  reduce usando la regla 16 (declaracion)


Estado 30

   17 declaracion: POS VARIABLE .

    $default  reduce usando la regla 17 (declaracion)


Estado 31

    0 $accept: lista_instrucciones $end .

    $default  aceptar


Estado 32

    4 lista_instrucciones: asignacion lista_instrucciones .

    $default  reduce usando la regla 4 (lista_instrucciones)


Estado 33

    5 lista_instrucciones: declaracion '\n' . lista_instrucciones

    error          desplazar e ir al estado 1
    VARIABLE       desplazar e ir al estado 2
    ESCRIBIR       desplazar e ir al estado 3
    DEFINICIONES   desplazar e ir al estado 4
    CONFIGURACION  desplazar e ir al estado 5
    INT            desplazar e ir al estado 6
    FLOAT          desplazar e ir al estado 7
    STRING         desplazar e ir al estado 8
    POS            desplazar e ir al estado 9

    $end  reduce usando la regla 1 (lista_instrucciones)

    lista_instrucciones  ir al estado 67
    asignacion           ir al estado 11
    declaracion          ir al estado 12


Estado 34

   18 declaracion: declaracion ',' . VARIABLE

    VARIABLE  desplazar e ir al estado 68


Estado 35

    7 asignacion: VARIABLE '=' CADENA . '\n'

    '\n'  desplazar e ir al estado 69


Estado 36

    8 asignacion: VARIABLE '=' '<' . expr ',' expr '>' '\n'

    ENTERO    desplazar e ir al estado 16
    VARIABLE  desplazar e ir al estado 17
    REAL      desplazar e ir al estado 19
    '-'       desplazar e ir al estado 21
    '('       desplazar e ir al estado 42

    expr  ir al estado 70


Estado 37

    6 asignacion: VARIABLE '=' expr . '\n'
   24 expr: expr . '+' expr
   25     | expr . '-' expr
   26     | expr . '*' expr
   27     | expr . '/' expr
   28     | expr . '^' expr
   29     | expr . '%' expr
   33 expr_logica: expr . '<' expr
   34            | expr . '>' expr
   35            | expr . LE expr
   36            | expr . GE expr
   37            | expr . EQ expr
   38            | expr . NE expr

    LE    desplazar e ir al estado 46
    GE    desplazar e ir al estado 47
    EQ    desplazar e ir al estado 48
    NE    desplazar e ir al estado 49
    '<'   desplazar e ir al estado 50
    '>'   desplazar e ir al estado 51
    '+'   desplazar e ir al estado 52
    '-'   desplazar e ir al estado 53
    '*'   desplazar e ir al estado 54
    '/'   desplazar e ir al estado 55
    '%'   desplazar e ir al estado 56
    '^'   desplazar e ir al estado 57
    '\n'  desplazar e ir al estado 71


Estado 38

    9 asignacion: VARIABLE '=' expr_logica . '\n'
   39 expr_logica: expr_logica . AND expr_logica
   40            | expr_logica . OR expr_logica

    OR    desplazar e ir al estado 59
    AND   desplazar e ir al estado 60
    '\n'  desplazar e ir al estado 72


Estado 39

   10 asignacion: ESCRIBIR CADENA '\n' .

    $default  reduce usando la regla 10 (asignacion)


Estado 40

   24 expr: expr . '+' expr
   25     | expr . '-' expr
   26     | expr . '*' expr
   27     | expr . '/' expr
   28     | expr . '^' expr
   29     | expr . '%' expr
   33 expr_logica: expr . '<' expr
   34            | expr . '>' expr
   35            | expr . LE expr
   36            | expr . GE expr
   37            | expr . EQ expr
   38            | expr . NE expr

    LE   desplazar e ir al estado 46
    GE   desplazar e ir al estado 47
    EQ   desplazar e ir al estado 48
    NE   desplazar e ir al estado 49
    '<'  desplazar e ir al estado 50
    '>'  desplazar e ir al estado 51
    '+'  desplazar e ir al estado 52
    '-'  desplazar e ir al estado 53
    '*'  desplazar e ir al estado 54
    '/'  desplazar e ir al estado 55
    '%'  desplazar e ir al estado 56
    '^'  desplazar e ir al estado 57


Estado 41

   39 expr_logica: expr_logica . AND expr_logica
   40            | expr_logica . OR expr_logica
   41            | NOT expr_logica .

    $default  reduce usando la regla 41 (expr_logica)


Estado 42

   23 expr: '(' . expr ')'

    ENTERO    desplazar e ir al estado 16
    VARIABLE  desplazar e ir al estado 17
    REAL      desplazar e ir al estado 19
    '-'       desplazar e ir al estado 21
    '('       desplazar e ir al estado 42

    expr  ir al estado 73


Estado 43

   24 expr: expr . '+' expr
   25     | expr . '-' expr
   26     | expr . '*' expr
   27     | expr . '/' expr
   28     | expr . '^' expr
   29     | expr . '%' expr
   30     | '-' expr .

    $default  reduce usando la regla 30 (expr)


Estado 44

   23 expr: '(' expr . ')'
   24     | expr . '+' expr
   25     | expr . '-' expr
   26     | expr . '*' expr
   27     | expr . '/' expr
   28     | expr . '^' expr
   29     | expr . '%' expr
   33 expr_logica: expr . '<' expr
   34            | expr . '>' expr
   35            | expr . LE expr
   36            | expr . GE expr
   37            | expr . EQ expr
   38            | expr . NE expr

    LE   desplazar e ir al estado 46
    GE   desplazar e ir al estado 47
    EQ   desplazar e ir al estado 48
    NE   desplazar e ir al estado 49
    '<'  desplazar e ir al estado 50
    '>'  desplazar e ir al estado 51
    '+'  desplazar e ir al estado 52
    '-'  desplazar e ir al estado 53
    '*'  desplazar e ir al estado 54
    '/'  desplazar e ir al estado 55
    '%'  desplazar e ir al estado 56
    '^'  desplazar e ir al estado 57
    ')'  desplazar e ir al estado 74


Estado 45

   32 expr_logica: '(' expr_logica . ')'
   39            | expr_logica . AND expr_logica
   40            | expr_logica . OR expr_logica

    OR   desplazar e ir al estado 59
    AND  desplazar e ir al estado 60
    ')'  desplazar e ir al estado 75


Estado 46

   35 expr_logica: expr LE . expr

    ENTERO    desplazar e ir al estado 16
    VARIABLE  desplazar e ir al estado 17
    REAL      desplazar e ir al estado 19
    '-'       desplazar e ir al estado 21
    '('       desplazar e ir al estado 42

    expr  ir al estado 76


Estado 47

   36 expr_logica: expr GE . expr

    ENTERO    desplazar e ir al estado 16
    VARIABLE  desplazar e ir al estado 17
    REAL      desplazar e ir al estado 19
    '-'       desplazar e ir al estado 21
    '('       desplazar e ir al estado 42

    expr  ir al estado 77


Estado 48

   37 expr_logica: expr EQ . expr

    ENTERO    desplazar e ir al estado 16
    VARIABLE  desplazar e ir al estado 17
    REAL      desplazar e ir al estado 19
    '-'       desplazar e ir al estado 21
    '('       desplazar e ir al estado 42

    expr  ir al estado 78


Estado 49

   38 expr_logica: expr NE . expr

    ENTERO    desplazar e ir al estado 16
    VARIABLE  desplazar e ir al estado 17
    REAL      desplazar e ir al estado 19
    '-'       desplazar e ir al estado 21
    '('       desplazar e ir al estado 42

    expr  ir al estado 79


Estado 50

   33 expr_logica: expr '<' . expr

    ENTERO    desplazar e ir al estado 16
    VARIABLE  desplazar e ir al estado 17
    REAL      desplazar e ir al estado 19
    '-'       desplazar e ir al estado 21
    '('       desplazar e ir al estado 42

    expr  ir al estado 80


Estado 51

   34 expr_logica: expr '>' . expr

    ENTERO    desplazar e ir al estado 16
    VARIABLE  desplazar e ir al estado 17
    REAL      desplazar e ir al estado 19
    '-'       desplazar e ir al estado 21
    '('       desplazar e ir al estado 42

    expr  ir al estado 81


Estado 52

   24 expr: expr '+' . expr

    ENTERO    desplazar e ir al estado 16
    VARIABLE  desplazar e ir al estado 17
    REAL      desplazar e ir al estado 19
    '-'       desplazar e ir al estado 21
    '('       desplazar e ir al estado 42

    expr  ir al estado 82


Estado 53

   25 expr: expr '-' . expr

    ENTERO    desplazar e ir al estado 16
    VARIABLE  desplazar e ir al estado 17
    REAL      desplazar e ir al estado 19
    '-'       desplazar e ir al estado 21
    '('       desplazar e ir al estado 42

    expr  ir al estado 83


Estado 54

   26 expr: expr '*' . expr

    ENTERO    desplazar e ir al estado 16
    VARIABLE  desplazar e ir al estado 17
    REAL      desplazar e ir al estado 19
    '-'       desplazar e ir al estado 21
    '('       desplazar e ir al estado 42

    expr  ir al estado 84


Estado 55

   27 expr: expr '/' . expr

    ENTERO    desplazar e ir al estado 16
    VARIABLE  desplazar e ir al estado 17
    REAL      desplazar e ir al estado 19
    '-'       desplazar e ir al estado 21
    '('       desplazar e ir al estado 42

    expr  ir al estado 85


Estado 56

   29 expr: expr '%' . expr

    ENTERO    desplazar e ir al estado 16
    VARIABLE  desplazar e ir al estado 17
    REAL      desplazar e ir al estado 19
    '-'       desplazar e ir al estado 21
    '('       desplazar e ir al estado 42

    expr  ir al estado 86


Estado 57

   28 expr: expr '^' . expr

    ENTERO    desplazar e ir al estado 16
    VARIABLE  desplazar e ir al estado 17
    REAL      desplazar e ir al estado 19
    '-'       desplazar e ir al estado 21
    '('       desplazar e ir al estado 42

    expr  ir al estado 87


Estado 58

   11 asignacion: ESCRIBIR expr '\n' .

    $default  reduce usando la regla 11 (asignacion)


Estado 59

   40 expr_logica: expr_logica OR . expr_logica

    BOOL      desplazar e ir al estado 15
    ENTERO    desplazar e ir al estado 16
    VARIABLE  desplazar e ir al estado 17
    REAL      desplazar e ir al estado 19
    NOT       desplazar e ir al estado 20
    '-'       desplazar e ir al estado 21
    '('       desplazar e ir al estado 22

    expr         ir al estado 40
    expr_logica  ir al estado 88


Estado 60

   39 expr_logica: expr_logica AND . expr_logica

    BOOL      desplazar e ir al estado 15
    ENTERO    desplazar e ir al estado 16
    VARIABLE  desplazar e ir al estado 17
    REAL      desplazar e ir al estado 19
    NOT       desplazar e ir al estado 20
    '-'       desplazar e ir al estado 21
    '('       desplazar e ir al estado 22

    expr         ir al estado 40
    expr_logica  ir al estado 89


Estado 61

   12 asignacion: ESCRIBIR expr_logica '\n' .

    $default  reduce usando la regla 12 (asignacion)


Estado 62

   44 bloque_definiciones: asignacion . bloque_definiciones

    error     desplazar e ir al estado 1
    VARIABLE  desplazar e ir al estado 2
    ESCRIBIR  desplazar e ir al estado 3
    INT       desplazar e ir al estado 6
    FLOAT     desplazar e ir al estado 7
    STRING    desplazar e ir al estado 8
    POS       desplazar e ir al estado 9

    CONFIGURACION  reduce usando la regla 42 (bloque_definiciones)

    asignacion           ir al estado 62
    declaracion          ir al estado 63
    bloque_definiciones  ir al estado 90


Estado 63

   18 declaracion: declaracion . ',' VARIABLE
   43 bloque_definiciones: declaracion . '\n' bloque_definiciones

    '\n'  desplazar e ir al estado 91
    ','   desplazar e ir al estado 34


Estado 64

    2 lista_instrucciones: DEFINICIONES '\n' bloque_definiciones . CONFIGURACION '\n' bloque_configuracion OBSTACULOS '\n' bloque_obstaculos EJEMPLOS '\n' bloque_ejemplos

    CONFIGURACION  desplazar e ir al estado 92


Estado 65

   46 bloque_configuracion: DIMENSION . expr bloque_configuracion '\n'

    ENTERO    desplazar e ir al estado 16
    VARIABLE  desplazar e ir al estado 17
    REAL      desplazar e ir al estado 19
    '-'       desplazar e ir al estado 21
    '('       desplazar e ir al estado 42

    expr  ir al estado 93


Estado 66

    3 lista_instrucciones: CONFIGURACION '\n' bloque_configuracion . OBSTACULOS '\n' bloque_obstaculos EJEMPLOS '\n' bloque_ejemplos
   47 bloque_configuracion: bloque_configuracion . ENTRADA expr '\n'
   48                     | bloque_configuracion . ENTRADA '<' expr ',' expr '>' '\n'
   49                     | bloque_configuracion . SALIDA expr '\n'
   50                     | bloque_configuracion . SALIDA '<' expr ',' expr '>' '\n'
   51                     | bloque_configuracion . PAUSA expr '\n'

    OBSTACULOS  desplazar e ir al estado 94
    ENTRADA     desplazar e ir al estado 95
    SALIDA      desplazar e ir al estado 96
    PAUSA       desplazar e ir al estado 97


Estado 67

    5 lista_instrucciones: declaracion '\n' lista_instrucciones .

    $default  reduce usando la regla 5 (lista_instrucciones)


Estado 68

   18 declaracion: declaracion ',' VARIABLE .

    $default  reduce usando la regla 18 (declaracion)


Estado 69

    7 asignacion: VARIABLE '=' CADENA '\n' .

    $default  reduce usando la regla 7 (asignacion)


Estado 70

    8 asignacion: VARIABLE '=' '<' expr . ',' expr '>' '\n'
   24 expr: expr . '+' expr
   25     | expr . '-' expr
   26     | expr . '*' expr
   27     | expr . '/' expr
   28     | expr . '^' expr
   29     | expr . '%' expr

    '+'  desplazar e ir al estado 52
    '-'  desplazar e ir al estado 53
    '*'  desplazar e ir al estado 54
    '/'  desplazar e ir al estado 55
    '%'  desplazar e ir al estado 56
    '^'  desplazar e ir al estado 57
    ','  desplazar e ir al estado 98


Estado 71

    6 asignacion: VARIABLE '=' expr '\n' .

    $default  reduce usando la regla 6 (asignacion)


Estado 72

    9 asignacion: VARIABLE '=' expr_logica '\n' .

    $default  reduce usando la regla 9 (asignacion)


Estado 73

   23 expr: '(' expr . ')'
   24     | expr . '+' expr
   25     | expr . '-' expr
   26     | expr . '*' expr
   27     | expr . '/' expr
   28     | expr . '^' expr
   29     | expr . '%' expr

    '+'  desplazar e ir al estado 52
    '-'  desplazar e ir al estado 53
    '*'  desplazar e ir al estado 54
    '/'  desplazar e ir al estado 55
    '%'  desplazar e ir al estado 56
    '^'  desplazar e ir al estado 57
    ')'  desplazar e ir al estado 74


Estado 74

   23 expr: '(' expr ')' .

    $default  reduce usando la regla 23 (expr)


Estado 75

   32 expr_logica: '(' expr_logica ')' .

    $default  reduce usando la regla 32 (expr_logica)


Estado 76

   24 expr: expr . '+' expr
   25     | expr . '-' expr
   26     | expr . '*' expr
   27     | expr . '/' expr
   28     | expr . '^' expr
   29     | expr . '%' expr
   35 expr_logica: expr LE expr .

    '+'  desplazar e ir al estado 52
    '-'  desplazar e ir al estado 53
    '*'  desplazar e ir al estado 54
    '/'  desplazar e ir al estado 55
    '%'  desplazar e ir al estado 56
    '^'  desplazar e ir al estado 57

    $default  reduce usando la regla 35 (expr_logica)


Estado 77

   24 expr: expr . '+' expr
   25     | expr . '-' expr
   26     | expr . '*' expr
   27     | expr . '/' expr
   28     | expr . '^' expr
   29     | expr . '%' expr
   36 expr_logica: expr GE expr .

    '+'  desplazar e ir al estado 52
    '-'  desplazar e ir al estado 53
    '*'  desplazar e ir al estado 54
    '/'  desplazar e ir al estado 55
    '%'  desplazar e ir al estado 56
    '^'  desplazar e ir al estado 57

    $default  reduce usando la regla 36 (expr_logica)


Estado 78

   24 expr: expr . '+' expr
   25     | expr . '-' expr
   26     | expr . '*' expr
   27     | expr . '/' expr
   28     | expr . '^' expr
   29     | expr . '%' expr
   37 expr_logica: expr EQ expr .

    '+'  desplazar e ir al estado 52
    '-'  desplazar e ir al estado 53
    '*'  desplazar e ir al estado 54
    '/'  desplazar e ir al estado 55
    '%'  desplazar e ir al estado 56
    '^'  desplazar e ir al estado 57

    $default  reduce usando la regla 37 (expr_logica)


Estado 79

   24 expr: expr . '+' expr
   25     | expr . '-' expr
   26     | expr . '*' expr
   27     | expr . '/' expr
   28     | expr . '^' expr
   29     | expr . '%' expr
   38 expr_logica: expr NE expr .

    '+'  desplazar e ir al estado 52
    '-'  desplazar e ir al estado 53
    '*'  desplazar e ir al estado 54
    '/'  desplazar e ir al estado 55
    '%'  desplazar e ir al estado 56
    '^'  desplazar e ir al estado 57

    $default  reduce usando la regla 38 (expr_logica)


Estado 80

   24 expr: expr . '+' expr
   25     | expr . '-' expr
   26     | expr . '*' expr
   27     | expr . '/' expr
   28     | expr . '^' expr
   29     | expr . '%' expr
   33 expr_logica: expr '<' expr .

    '+'  desplazar e ir al estado 52
    '-'  desplazar e ir al estado 53
    '*'  desplazar e ir al estado 54
    '/'  desplazar e ir al estado 55
    '%'  desplazar e ir al estado 56
    '^'  desplazar e ir al estado 57

    $default  reduce usando la regla 33 (expr_logica)


Estado 81

   24 expr: expr . '+' expr
   25     | expr . '-' expr
   26     | expr . '*' expr
   27     | expr . '/' expr
   28     | expr . '^' expr
   29     | expr . '%' expr
   34 expr_logica: expr '>' expr .

    '+'  desplazar e ir al estado 52
    '-'  desplazar e ir al estado 53
    '*'  desplazar e ir al estado 54
    '/'  desplazar e ir al estado 55
    '%'  desplazar e ir al estado 56
    '^'  desplazar e ir al estado 57

    $default  reduce usando la regla 34 (expr_logica)


Estado 82

   24 expr: expr . '+' expr
   24     | expr '+' expr .
   25     | expr . '-' expr
   26     | expr . '*' expr
   27     | expr . '/' expr
   28     | expr . '^' expr
   29     | expr . '%' expr

    '*'  desplazar e ir al estado 54
    '/'  desplazar e ir al estado 55
    '%'  desplazar e ir al estado 56
    '^'  desplazar e ir al estado 57

    $default  reduce usando la regla 24 (expr)


Estado 83

   24 expr: expr . '+' expr
   25     | expr . '-' expr
   25     | expr '-' expr .
   26     | expr . '*' expr
   27     | expr . '/' expr
   28     | expr . '^' expr
   29     | expr . '%' expr

    '*'  desplazar e ir al estado 54
    '/'  desplazar e ir al estado 55
    '%'  desplazar e ir al estado 56
    '^'  desplazar e ir al estado 57

    $default  reduce usando la regla 25 (expr)


Estado 84

   24 expr: expr . '+' expr
   25     | expr . '-' expr
   26     | expr . '*' expr
   26     | expr '*' expr .
   27     | expr . '/' expr
   28     | expr . '^' expr
   29     | expr . '%' expr

    '^'  desplazar e ir al estado 57

    $default  reduce usando la regla 26 (expr)


Estado 85

   24 expr: expr . '+' expr
   25     | expr . '-' expr
   26     | expr . '*' expr
   27     | expr . '/' expr
   27     | expr '/' expr .
   28     | expr . '^' expr
   29     | expr . '%' expr

    '^'  desplazar e ir al estado 57

    $default  reduce usando la regla 27 (expr)


Estado 86

   24 expr: expr . '+' expr
   25     | expr . '-' expr
   26     | expr . '*' expr
   27     | expr . '/' expr
   28     | expr . '^' expr
   29     | expr . '%' expr
   29     | expr '%' expr .

    '^'  desplazar e ir al estado 57

    $default  reduce usando la regla 29 (expr)


Estado 87

   24 expr: expr . '+' expr
   25     | expr . '-' expr
   26     | expr . '*' expr
   27     | expr . '/' expr
   28     | expr . '^' expr
   28     | expr '^' expr .
   29     | expr . '%' expr

    '^'  desplazar e ir al estado 57

    $default  reduce usando la regla 28 (expr)


Estado 88

   39 expr_logica: expr_logica . AND expr_logica
   40            | expr_logica . OR expr_logica
   40            | expr_logica OR expr_logica .

    AND  desplazar e ir al estado 60

    $default  reduce usando la regla 40 (expr_logica)


Estado 89

   39 expr_logica: expr_logica . AND expr_logica
   39            | expr_logica AND expr_logica .
   40            | expr_logica . OR expr_logica

    $default  reduce usando la regla 39 (expr_logica)


Estado 90

   44 bloque_definiciones: asignacion bloque_definiciones .

    $default  reduce usando la regla 44 (bloque_definiciones)


Estado 91

   43 bloque_definiciones: declaracion '\n' . bloque_definiciones

    error     desplazar e ir al estado 1
    VARIABLE  desplazar e ir al estado 2
    ESCRIBIR  desplazar e ir al estado 3
    INT       desplazar e ir al estado 6
    FLOAT     desplazar e ir al estado 7
    STRING    desplazar e ir al estado 8
    POS       desplazar e ir al estado 9

    CONFIGURACION  reduce usando la regla 42 (bloque_definiciones)

    asignacion           ir al estado 62
    declaracion          ir al estado 63
    bloque_definiciones  ir al estado 99


Estado 92

    2 lista_instrucciones: DEFINICIONES '\n' bloque_definiciones CONFIGURACION . '\n' bloque_configuracion OBSTACULOS '\n' bloque_obstaculos EJEMPLOS '\n' bloque_ejemplos

    '\n'  desplazar e ir al estado 100


Estado 93

   24 expr: expr . '+' expr
   25     | expr . '-' expr
   26     | expr . '*' expr
   27     | expr . '/' expr
   28     | expr . '^' expr
   29     | expr . '%' expr
   46 bloque_configuracion: DIMENSION expr . bloque_configuracion '\n'

    DIMENSION  desplazar e ir al estado 65
    '+'        desplazar e ir al estado 52
    '-'        desplazar e ir al estado 53
    '*'        desplazar e ir al estado 54
    '/'        desplazar e ir al estado 55
    '%'        desplazar e ir al estado 56
    '^'        desplazar e ir al estado 57

    $default  reduce usando la regla 45 (bloque_configuracion)

    bloque_configuracion  ir al estado 101


Estado 94

    3 lista_instrucciones: CONFIGURACION '\n' bloque_configuracion OBSTACULOS . '\n' bloque_obstaculos EJEMPLOS '\n' bloque_ejemplos

    '\n'  desplazar e ir al estado 102


Estado 95

   47 bloque_configuracion: bloque_configuracion ENTRADA . expr '\n'
   48                     | bloque_configuracion ENTRADA . '<' expr ',' expr '>' '\n'

    ENTERO    desplazar e ir al estado 16
    VARIABLE  desplazar e ir al estado 17
    REAL      desplazar e ir al estado 19
    '<'       desplazar e ir al estado 103
    '-'       desplazar e ir al estado 21
    '('       desplazar e ir al estado 42

    expr  ir al estado 104


Estado 96

   49 bloque_configuracion: bloque_configuracion SALIDA . expr '\n'
   50                     | bloque_configuracion SALIDA . '<' expr ',' expr '>' '\n'

    ENTERO    desplazar e ir al estado 16
    VARIABLE  desplazar e ir al estado 17
    REAL      desplazar e ir al estado 19
    '<'       desplazar e ir al estado 105
    '-'       desplazar e ir al estado 21
    '('       desplazar e ir al estado 42

    expr  ir al estado 106


Estado 97

   51 bloque_configuracion: bloque_configuracion PAUSA . expr '\n'

    ENTERO    desplazar e ir al estado 16
    VARIABLE  desplazar e ir al estado 17
    REAL      desplazar e ir al estado 19
    '-'       desplazar e ir al estado 21
    '('       desplazar e ir al estado 42

    expr  ir al estado 107


Estado 98

    8 asignacion: VARIABLE '=' '<' expr ',' . expr '>' '\n'

    ENTERO    desplazar e ir al estado 16
    VARIABLE  desplazar e ir al estado 17
    REAL      desplazar e ir al estado 19
    '-'       desplazar e ir al estado 21
    '('       desplazar e ir al estado 42

    expr  ir al estado 108


Estado 99

   43 bloque_definiciones: declaracion '\n' bloque_definiciones .

    $default  reduce usando la regla 43 (bloque_definiciones)


Estado 100

    2 lista_instrucciones: DEFINICIONES '\n' bloque_definiciones CONFIGURACION '\n' . bloque_configuracion OBSTACULOS '\n' bloque_obstaculos EJEMPLOS '\n' bloque_ejemplos

    DIMENSION  desplazar e ir al estado 65

    $default  reduce usando la regla 45 (bloque_configuracion)

    bloque_configuracion  ir al estado 109


Estado 101

   46 bloque_configuracion: DIMENSION expr bloque_configuracion . '\n'
   47                     | bloque_configuracion . ENTRADA expr '\n'
   48                     | bloque_configuracion . ENTRADA '<' expr ',' expr '>' '\n'
   49                     | bloque_configuracion . SALIDA expr '\n'
   50                     | bloque_configuracion . SALIDA '<' expr ',' expr '>' '\n'
   51                     | bloque_configuracion . PAUSA expr '\n'

    ENTRADA  desplazar e ir al estado 95
    SALIDA   desplazar e ir al estado 96
    PAUSA    desplazar e ir al estado 97
    '\n'     desplazar e ir al estado 110


Estado 102

    3 lista_instrucciones: CONFIGURACION '\n' bloque_configuracion OBSTACULOS '\n' . bloque_obstaculos EJEMPLOS '\n' bloque_ejemplos

    $default  reduce usando la regla 52 (bloque_obstaculos)

    bloque_obstaculos  ir al estado 111


Estado 103

   48 bloque_configuracion: bloque_configuracion ENTRADA '<' . expr ',' expr '>' '\n'

    ENTERO    desplazar e ir al estado 16
    VARIABLE  desplazar e ir al estado 17
    REAL      desplazar e ir al estado 19
    '-'       desplazar e ir al estado 21
    '('       desplazar e ir al estado 42

    expr  ir al estado 112


Estado 104

   24 expr: expr . '+' expr
   25     | expr . '-' expr
   26     | expr . '*' expr
   27     | expr . '/' expr
   28     | expr . '^' expr
   29     | expr . '%' expr
   47 bloque_configuracion: bloque_configuracion ENTRADA expr . '\n'

    '+'   desplazar e ir al estado 52
    '-'   desplazar e ir al estado 53
    '*'   desplazar e ir al estado 54
    '/'   desplazar e ir al estado 55
    '%'   desplazar e ir al estado 56
    '^'   desplazar e ir al estado 57
    '\n'  desplazar e ir al estado 113


Estado 105

   50 bloque_configuracion: bloque_configuracion SALIDA '<' . expr ',' expr '>' '\n'

    ENTERO    desplazar e ir al estado 16
    VARIABLE  desplazar e ir al estado 17
    REAL      desplazar e ir al estado 19
    '-'       desplazar e ir al estado 21
    '('       desplazar e ir al estado 42

    expr  ir al estado 114


Estado 106

   24 expr: expr . '+' expr
   25     | expr . '-' expr
   26     | expr . '*' expr
   27     | expr . '/' expr
   28     | expr . '^' expr
   29     | expr . '%' expr
   49 bloque_configuracion: bloque_configuracion SALIDA expr . '\n'

    '+'   desplazar e ir al estado 52
    '-'   desplazar e ir al estado 53
    '*'   desplazar e ir al estado 54
    '/'   desplazar e ir al estado 55
    '%'   desplazar e ir al estado 56
    '^'   desplazar e ir al estado 57
    '\n'  desplazar e ir al estado 115


Estado 107

   24 expr: expr . '+' expr
   25     | expr . '-' expr
   26     | expr . '*' expr
   27     | expr . '/' expr
   28     | expr . '^' expr
   29     | expr . '%' expr
   51 bloque_configuracion: bloque_configuracion PAUSA expr . '\n'

    '+'   desplazar e ir al estado 52
    '-'   desplazar e ir al estado 53
    '*'   desplazar e ir al estado 54
    '/'   desplazar e ir al estado 55
    '%'   desplazar e ir al estado 56
    '^'   desplazar e ir al estado 57
    '\n'  desplazar e ir al estado 116


Estado 108

    8 asignacion: VARIABLE '=' '<' expr ',' expr . '>' '\n'
   24 expr: expr . '+' expr
   25     | expr . '-' expr
   26     | expr . '*' expr
   27     | expr . '/' expr
   28     | expr . '^' expr
   29     | expr . '%' expr

    '>'  desplazar e ir al estado 117
    '+'  desplazar e ir al estado 52
    '-'  desplazar e ir al estado 53
    '*'  desplazar e ir al estado 54
    '/'  desplazar e ir al estado 55
    '%'  desplazar e ir al estado 56
    '^'  desplazar e ir al estado 57


Estado 109

    2 lista_instrucciones: DEFINICIONES '\n' bloque_definiciones CONFIGURACION '\n' bloque_configuracion . OBSTACULOS '\n' bloque_obstaculos EJEMPLOS '\n' bloque_ejemplos
   47 bloque_configuracion: bloque_configuracion . ENTRADA expr '\n'
   48                     | bloque_configuracion . ENTRADA '<' expr ',' expr '>' '\n'
   49                     | bloque_configuracion . SALIDA expr '\n'
   50                     | bloque_configuracion . SALIDA '<' expr ',' expr '>' '\n'
   51                     | bloque_configuracion . PAUSA expr '\n'

    OBSTACULOS  desplazar e ir al estado 118
    ENTRADA     desplazar e ir al estado 95
    SALIDA      desplazar e ir al estado 96
    PAUSA       desplazar e ir al estado 97


Estado 110

   46 bloque_configuracion: DIMENSION expr bloque_configuracion '\n' .

    $default  reduce usando la regla 46 (bloque_configuracion)


Estado 111

    3 lista_instrucciones: CONFIGURACION '\n' bloque_configuracion OBSTACULOS '\n' bloque_obstaculos . EJEMPLOS '\n' bloque_ejemplos
   53 bloque_obstaculos: bloque_obstaculos . asignacion
   54                  | bloque_obstaculos . OBSTACULO '<' expr ',' expr '>' '\n'
   55                  | bloque_obstaculos . OBSTACULO VARIABLE '\n'
   56                  | bloque_obstaculos . SUR expr '\n'
   57                  | bloque_obstaculos . ESTE expr '\n'
   58                  | bloque_obstaculos . OESTE expr '\n'
   59                  | bloque_obstaculos . NORTE expr '\n'
   60                  | bloque_obstaculos . OBSTACULO '\n'
   61                  | bloque_obstaculos . bucle
   62                  | bloque_obstaculos . condicional
   63                  | bloque_obstaculos . asignacion

    error      desplazar e ir al estado 119
    OBSTACULO  desplazar e ir al estado 120
    VARIABLE   desplazar e ir al estado 2
    ESCRIBIR   desplazar e ir al estado 3
    EJEMPLOS   desplazar e ir al estado 121
    NORTE      desplazar e ir al estado 122
    SUR        desplazar e ir al estado 123
    ESTE       desplazar e ir al estado 124
    OESTE      desplazar e ir al estado 125
    REPITE     desplazar e ir al estado 126
    IF         desplazar e ir al estado 127

    error      [reduce usando la regla 72 (bucle)]
    error      [reduce usando la regla 74 (condicional)]
    OBSTACULO  [reduce usando la regla 72 (bucle)]
    OBSTACULO  [reduce usando la regla 74 (condicional)]
    VARIABLE   [reduce usando la regla 72 (bucle)]
    VARIABLE   [reduce usando la regla 74 (condicional)]
    ESCRIBIR   [reduce usando la regla 72 (bucle)]
    ESCRIBIR   [reduce usando la regla 74 (condicional)]
    EJEMPLOS   [reduce usando la regla 72 (bucle)]
    EJEMPLOS   [reduce usando la regla 74 (condicional)]
    NORTE      [reduce usando la regla 72 (bucle)]
    NORTE      [reduce usando la regla 74 (condicional)]
    SUR        [reduce usando la regla 72 (bucle)]
    SUR        [reduce usando la regla 74 (condicional)]
    ESTE       [reduce usando la regla 72 (bucle)]
    ESTE       [reduce usando la regla 74 (condicional)]
    OESTE      [reduce usando la regla 72 (bucle)]
    OESTE      [reduce usando la regla 74 (condicional)]
    REPITE     [reduce usando la regla 72 (bucle)]
    REPITE     [reduce usando la regla 74 (condicional)]
    IF         [reduce usando la regla 72 (bucle)]
    IF         [reduce usando la regla 74 (condicional)]

    asignacion   ir al estado 128
    bucle        ir al estado 129
    condicional  ir al estado 130


Estado 112

   24 expr: expr . '+' expr
   25     | expr . '-' expr
   26     | expr . '*' expr
   27     | expr . '/' expr
   28     | expr . '^' expr
   29     | expr . '%' expr
   48 bloque_configuracion: bloque_configuracion ENTRADA '<' expr . ',' expr '>' '\n'

    '+'  desplazar e ir al estado 52
    '-'  desplazar e ir al estado 53
    '*'  desplazar e ir al estado 54
    '/'  desplazar e ir al estado 55
    '%'  desplazar e ir al estado 56
    '^'  desplazar e ir al estado 57
    ','  desplazar e ir al estado 131


Estado 113

   47 bloque_configuracion: bloque_configuracion ENTRADA expr '\n' .

    $default  reduce usando la regla 47 (bloque_configuracion)


Estado 114

   24 expr: expr . '+' expr
   25     | expr . '-' expr
   26     | expr . '*' expr
   27     | expr . '/' expr
   28     | expr . '^' expr
   29     | expr . '%' expr
   50 bloque_configuracion: bloque_configuracion SALIDA '<' expr . ',' expr '>' '\n'

    '+'  desplazar e ir al estado 52
    '-'  desplazar e ir al estado 53
    '*'  desplazar e ir al estado 54
    '/'  desplazar e ir al estado 55
    '%'  desplazar e ir al estado 56
    '^'  desplazar e ir al estado 57
    ','  desplazar e ir al estado 132


Estado 115

   49 bloque_configuracion: bloque_configuracion SALIDA expr '\n' .

    $default  reduce usando la regla 49 (bloque_configuracion)


Estado 116

   51 bloque_configuracion: bloque_configuracion PAUSA expr '\n' .

    $default  reduce usando la regla 51 (bloque_configuracion)


Estado 117

    8 asignacion: VARIABLE '=' '<' expr ',' expr '>' . '\n'

    '\n'  desplazar e ir al estado 133


Estado 118

    2 lista_instrucciones: DEFINICIONES '\n' bloque_definiciones CONFIGURACION '\n' bloque_configuracion OBSTACULOS . '\n' bloque_obstaculos EJEMPLOS '\n' bloque_ejemplos

    '\n'  desplazar e ir al estado 134


Estado 119

   13 asignacion: error . '\n'

    '\n'  desplazar e ir al estado 135


Estado 120

   54 bloque_obstaculos: bloque_obstaculos OBSTACULO . '<' expr ',' expr '>' '\n'
   55                  | bloque_obstaculos OBSTACULO . VARIABLE '\n'
   60                  | bloque_obstaculos OBSTACULO . '\n'

    VARIABLE  desplazar e ir al estado 136
    '<'       desplazar e ir al estado 137
    '\n'      desplazar e ir al estado 138


Estado 121

    3 lista_instrucciones: CONFIGURACION '\n' bloque_configuracion OBSTACULOS '\n' bloque_obstaculos EJEMPLOS . '\n' bloque_ejemplos

    '\n'  desplazar e ir al estado 139


Estado 122

   59 bloque_obstaculos: bloque_obstaculos NORTE . expr '\n'

    ENTERO    desplazar e ir al estado 16
    VARIABLE  desplazar e ir al estado 17
    REAL      desplazar e ir al estado 19
    '-'       desplazar e ir al estado 21
    '('       desplazar e ir al estado 42

    expr  ir al estado 140


Estado 123

   56 bloque_obstaculos: bloque_obstaculos SUR . expr '\n'

    ENTERO    desplazar e ir al estado 16
    VARIABLE  desplazar e ir al estado 17
    REAL      desplazar e ir al estado 19
    '-'       desplazar e ir al estado 21
    '('       desplazar e ir al estado 42

    expr  ir al estado 141


Estado 124

   57 bloque_obstaculos: bloque_obstaculos ESTE . expr '\n'

    ENTERO    desplazar e ir al estado 16
    VARIABLE  desplazar e ir al estado 17
    REAL      desplazar e ir al estado 19
    '-'       desplazar e ir al estado 21
    '('       desplazar e ir al estado 42

    expr  ir al estado 142


Estado 125

   58 bloque_obstaculos: bloque_obstaculos OESTE . expr '\n'

    ENTERO    desplazar e ir al estado 16
    VARIABLE  desplazar e ir al estado 17
    REAL      desplazar e ir al estado 19
    '-'       desplazar e ir al estado 21
    '('       desplazar e ir al estado 42

    expr  ir al estado 143


Estado 126

   73 bucle: REPITE . expr '\n' bloque_obstaculos FINREPITE '\n'

    ENTERO    desplazar e ir al estado 16
    VARIABLE  desplazar e ir al estado 17
    REAL      desplazar e ir al estado 19
    '-'       desplazar e ir al estado 21
    '('       desplazar e ir al estado 42

    expr  ir al estado 144


Estado 127

   75 condicional: IF . expr_logica '\n' THEN '\n' bloque_obstaculos ELSE '\n' bloque_obstaculos ENDIF '\n'

    BOOL      desplazar e ir al estado 15
    ENTERO    desplazar e ir al estado 16
    VARIABLE  desplazar e ir al estado 17
    REAL      desplazar e ir al estado 19
    NOT       desplazar e ir al estado 20
    '-'       desplazar e ir al estado 21
    '('       desplazar e ir al estado 22

    expr         ir al estado 40
    expr_logica  ir al estado 145


Estado 128

   53 bloque_obstaculos: bloque_obstaculos asignacion .
   63                  | bloque_obstaculos asignacion .

    error      reduce usando la regla 53 (bloque_obstaculos)
    error      [reduce usando la regla 63 (bloque_obstaculos)]
    OBSTACULO  reduce usando la regla 53 (bloque_obstaculos)
    OBSTACULO  [reduce usando la regla 63 (bloque_obstaculos)]
    VARIABLE   reduce usando la regla 53 (bloque_obstaculos)
    VARIABLE   [reduce usando la regla 63 (bloque_obstaculos)]
    ESCRIBIR   reduce usando la regla 53 (bloque_obstaculos)
    ESCRIBIR   [reduce usando la regla 63 (bloque_obstaculos)]
    EJEMPLOS   reduce usando la regla 53 (bloque_obstaculos)
    EJEMPLOS   [reduce usando la regla 63 (bloque_obstaculos)]
    NORTE      reduce usando la regla 53 (bloque_obstaculos)
    NORTE      [reduce usando la regla 63 (bloque_obstaculos)]
    SUR        reduce usando la regla 53 (bloque_obstaculos)
    SUR        [reduce usando la regla 63 (bloque_obstaculos)]
    ESTE       reduce usando la regla 53 (bloque_obstaculos)
    ESTE       [reduce usando la regla 63 (bloque_obstaculos)]
    OESTE      reduce usando la regla 53 (bloque_obstaculos)
    OESTE      [reduce usando la regla 63 (bloque_obstaculos)]
    REPITE     reduce usando la regla 53 (bloque_obstaculos)
    REPITE     [reduce usando la regla 63 (bloque_obstaculos)]
    FINREPITE  reduce usando la regla 53 (bloque_obstaculos)
    FINREPITE  [reduce usando la regla 63 (bloque_obstaculos)]
    IF         reduce usando la regla 53 (bloque_obstaculos)
    IF         [reduce usando la regla 63 (bloque_obstaculos)]
    ELSE       reduce usando la regla 53 (bloque_obstaculos)
    ELSE       [reduce usando la regla 63 (bloque_obstaculos)]
    ENDIF      reduce usando la regla 53 (bloque_obstaculos)
    ENDIF      [reduce usando la regla 63 (bloque_obstaculos)]
    $default   reduce usando la regla 53 (bloque_obstaculos)


Estado 129

   61 bloque_obstaculos: bloque_obstaculos bucle .

    $default  reduce usando la regla 61 (bloque_obstaculos)


Estado 130

   62 bloque_obstaculos: bloque_obstaculos condicional .

    $default  reduce usando la regla 62 (bloque_obstaculos)


Estado 131

   48 bloque_configuracion: bloque_configuracion ENTRADA '<' expr ',' . expr '>' '\n'

    ENTERO    desplazar e ir al estado 16
    VARIABLE  desplazar e ir al estado 17
    REAL      desplazar e ir al estado 19
    '-'       desplazar e ir al estado 21
    '('       desplazar e ir al estado 42

    expr  ir al estado 146


Estado 132

   50 bloque_configuracion: bloque_configuracion SALIDA '<' expr ',' . expr '>' '\n'

    ENTERO    desplazar e ir al estado 16
    VARIABLE  desplazar e ir al estado 17
    REAL      desplazar e ir al estado 19
    '-'       desplazar e ir al estado 21
    '('       desplazar e ir al estado 42

    expr  ir al estado 147


Estado 133

    8 asignacion: VARIABLE '=' '<' expr ',' expr '>' '\n' .

    $default  reduce usando la regla 8 (asignacion)


Estado 134

    2 lista_instrucciones: DEFINICIONES '\n' bloque_definiciones CONFIGURACION '\n' bloque_configuracion OBSTACULOS '\n' . bloque_obstaculos EJEMPLOS '\n' bloque_ejemplos

    $default  reduce usando la regla 52 (bloque_obstaculos)

    bloque_obstaculos  ir al estado 148


Estado 135

   13 asignacion: error '\n' .

    $default  reduce usando la regla 13 (asignacion)


Estado 136

   55 bloque_obstaculos: bloque_obstaculos OBSTACULO VARIABLE . '\n'

    '\n'  desplazar e ir al estado 149


Estado 137

   54 bloque_obstaculos: bloque_obstaculos OBSTACULO '<' . expr ',' expr '>' '\n'

    ENTERO    desplazar e ir al estado 16
    VARIABLE  desplazar e ir al estado 17
    REAL      desplazar e ir al estado 19
    '-'       desplazar e ir al estado 21
    '('       desplazar e ir al estado 42

    expr  ir al estado 150


Estado 138

   60 bloque_obstaculos: bloque_obstaculos OBSTACULO '\n' .

    $default  reduce usando la regla 60 (bloque_obstaculos)


Estado 139

    3 lista_instrucciones: CONFIGURACION '\n' bloque_configuracion OBSTACULOS '\n' bloque_obstaculos EJEMPLOS '\n' . bloque_ejemplos

    $default  reduce usando la regla 64 (bloque_ejemplos)

    bloque_ejemplos  ir al estado 151


Estado 140

   24 expr: expr . '+' expr
   25     | expr . '-' expr
   26     | expr . '*' expr
   27     | expr . '/' expr
   28     | expr . '^' expr
   29     | expr . '%' expr
   59 bloque_obstaculos: bloque_obstaculos NORTE expr . '\n'

    '+'   desplazar e ir al estado 52
    '-'   desplazar e ir al estado 53
    '*'   desplazar e ir al estado 54
    '/'   desplazar e ir al estado 55
    '%'   desplazar e ir al estado 56
    '^'   desplazar e ir al estado 57
    '\n'  desplazar e ir al estado 152


Estado 141

   24 expr: expr . '+' expr
   25     | expr . '-' expr
   26     | expr . '*' expr
   27     | expr . '/' expr
   28     | expr . '^' expr
   29     | expr . '%' expr
   56 bloque_obstaculos: bloque_obstaculos SUR expr . '\n'

    '+'   desplazar e ir al estado 52
    '-'   desplazar e ir al estado 53
    '*'   desplazar e ir al estado 54
    '/'   desplazar e ir al estado 55
    '%'   desplazar e ir al estado 56
    '^'   desplazar e ir al estado 57
    '\n'  desplazar e ir al estado 153


Estado 142

   24 expr: expr . '+' expr
   25     | expr . '-' expr
   26     | expr . '*' expr
   27     | expr . '/' expr
   28     | expr . '^' expr
   29     | expr . '%' expr
   57 bloque_obstaculos: bloque_obstaculos ESTE expr . '\n'

    '+'   desplazar e ir al estado 52
    '-'   desplazar e ir al estado 53
    '*'   desplazar e ir al estado 54
    '/'   desplazar e ir al estado 55
    '%'   desplazar e ir al estado 56
    '^'   desplazar e ir al estado 57
    '\n'  desplazar e ir al estado 154


Estado 143

   24 expr: expr . '+' expr
   25     | expr . '-' expr
   26     | expr . '*' expr
   27     | expr . '/' expr
   28     | expr . '^' expr
   29     | expr . '%' expr
   58 bloque_obstaculos: bloque_obstaculos OESTE expr . '\n'

    '+'   desplazar e ir al estado 52
    '-'   desplazar e ir al estado 53
    '*'   desplazar e ir al estado 54
    '/'   desplazar e ir al estado 55
    '%'   desplazar e ir al estado 56
    '^'   desplazar e ir al estado 57
    '\n'  desplazar e ir al estado 155


Estado 144

   24 expr: expr . '+' expr
   25     | expr . '-' expr
   26     | expr . '*' expr
   27     | expr . '/' expr
   28     | expr . '^' expr
   29     | expr . '%' expr
   73 bucle: REPITE expr . '\n' bloque_obstaculos FINREPITE '\n'

    '+'   desplazar e ir al estado 52
    '-'   desplazar e ir al estado 53
    '*'   desplazar e ir al estado 54
    '/'   desplazar e ir al estado 55
    '%'   desplazar e ir al estado 56
    '^'   desplazar e ir al estado 57
    '\n'  desplazar e ir al estado 156


Estado 145

   39 expr_logica: expr_logica . AND expr_logica
   40            | expr_logica . OR expr_logica
   75 condicional: IF expr_logica . '\n' THEN '\n' bloque_obstaculos ELSE '\n' bloque_obstaculos ENDIF '\n'

    OR    desplazar e ir al estado 59
    AND   desplazar e ir al estado 60
    '\n'  desplazar e ir al estado 157


Estado 146

   24 expr: expr . '+' expr
   25     | expr . '-' expr
   26     | expr . '*' expr
   27     | expr . '/' expr
   28     | expr . '^' expr
   29     | expr . '%' expr
   48 bloque_configuracion: bloque_configuracion ENTRADA '<' expr ',' expr . '>' '\n'

    '>'  desplazar e ir al estado 158
    '+'  desplazar e ir al estado 52
    '-'  desplazar e ir al estado 53
    '*'  desplazar e ir al estado 54
    '/'  desplazar e ir al estado 55
    '%'  desplazar e ir al estado 56
    '^'  desplazar e ir al estado 57


Estado 147

   24 expr: expr . '+' expr
   25     | expr . '-' expr
   26     | expr . '*' expr
   27     | expr . '/' expr
   28     | expr . '^' expr
   29     | expr . '%' expr
   50 bloque_configuracion: bloque_configuracion SALIDA '<' expr ',' expr . '>' '\n'

    '>'  desplazar e ir al estado 159
    '+'  desplazar e ir al estado 52
    '-'  desplazar e ir al estado 53
    '*'  desplazar e ir al estado 54
    '/'  desplazar e ir al estado 55
    '%'  desplazar e ir al estado 56
    '^'  desplazar e ir al estado 57


Estado 148

    2 lista_instrucciones: DEFINICIONES '\n' bloque_definiciones CONFIGURACION '\n' bloque_configuracion OBSTACULOS '\n' bloque_obstaculos . EJEMPLOS '\n' bloque_ejemplos
   53 bloque_obstaculos: bloque_obstaculos . asignacion
   54                  | bloque_obstaculos . OBSTACULO '<' expr ',' expr '>' '\n'
   55                  | bloque_obstaculos . OBSTACULO VARIABLE '\n'
   56                  | bloque_obstaculos . SUR expr '\n'
   57                  | bloque_obstaculos . ESTE expr '\n'
   58                  | bloque_obstaculos . OESTE expr '\n'
   59                  | bloque_obstaculos . NORTE expr '\n'
   60                  | bloque_obstaculos . OBSTACULO '\n'
   61                  | bloque_obstaculos . bucle
   62                  | bloque_obstaculos . condicional
   63                  | bloque_obstaculos . asignacion

    error      desplazar e ir al estado 119
    OBSTACULO  desplazar e ir al estado 120
    VARIABLE   desplazar e ir al estado 2
    ESCRIBIR   desplazar e ir al estado 3
    EJEMPLOS   desplazar e ir al estado 160
    NORTE      desplazar e ir al estado 122
    SUR        desplazar e ir al estado 123
    ESTE       desplazar e ir al estado 124
    OESTE      desplazar e ir al estado 125
    REPITE     desplazar e ir al estado 126
    IF         desplazar e ir al estado 127

    error      [reduce usando la regla 72 (bucle)]
    error      [reduce usando la regla 74 (condicional)]
    OBSTACULO  [reduce usando la regla 72 (bucle)]
    OBSTACULO  [reduce usando la regla 74 (condicional)]
    VARIABLE   [reduce usando la regla 72 (bucle)]
    VARIABLE   [reduce usando la regla 74 (condicional)]
    ESCRIBIR   [reduce usando la regla 72 (bucle)]
    ESCRIBIR   [reduce usando la regla 74 (condicional)]
    EJEMPLOS   [reduce usando la regla 72 (bucle)]
    EJEMPLOS   [reduce usando la regla 74 (condicional)]
    NORTE      [reduce usando la regla 72 (bucle)]
    NORTE      [reduce usando la regla 74 (condicional)]
    SUR        [reduce usando la regla 72 (bucle)]
    SUR        [reduce usando la regla 74 (condicional)]
    ESTE       [reduce usando la regla 72 (bucle)]
    ESTE       [reduce usando la regla 74 (condicional)]
    OESTE      [reduce usando la regla 72 (bucle)]
    OESTE      [reduce usando la regla 74 (condicional)]
    REPITE     [reduce usando la regla 72 (bucle)]
    REPITE     [reduce usando la regla 74 (condicional)]
    IF         [reduce usando la regla 72 (bucle)]
    IF         [reduce usando la regla 74 (condicional)]

    asignacion   ir al estado 128
    bucle        ir al estado 129
    condicional  ir al estado 130


Estado 149

   55 bloque_obstaculos: bloque_obstaculos OBSTACULO VARIABLE '\n' .

    $default  reduce usando la regla 55 (bloque_obstaculos)


Estado 150

   24 expr: expr . '+' expr
   25     | expr . '-' expr
   26     | expr . '*' expr
   27     | expr . '/' expr
   28     | expr . '^' expr
   29     | expr . '%' expr
   54 bloque_obstaculos: bloque_obstaculos OBSTACULO '<' expr . ',' expr '>' '\n'

    '+'  desplazar e ir al estado 52
    '-'  desplazar e ir al estado 53
    '*'  desplazar e ir al estado 54
    '/'  desplazar e ir al estado 55
    '%'  desplazar e ir al estado 56
    '^'  desplazar e ir al estado 57
    ','  desplazar e ir al estado 161


Estado 151

    3 lista_instrucciones: CONFIGURACION '\n' bloque_configuracion OBSTACULOS '\n' bloque_obstaculos EJEMPLOS '\n' bloque_ejemplos .
   65 bloque_ejemplos: bloque_ejemplos . EJEMPLO VARIABLE '\n' bloque_ejemplos_anidado FINEJEMPLO '\n'

    EJEMPLO  desplazar e ir al estado 162

    $default  reduce usando la regla 3 (lista_instrucciones)


Estado 152

   59 bloque_obstaculos: bloque_obstaculos NORTE expr '\n' .

    $default  reduce usando la regla 59 (bloque_obstaculos)


Estado 153

   56 bloque_obstaculos: bloque_obstaculos SUR expr '\n' .

    $default  reduce usando la regla 56 (bloque_obstaculos)


Estado 154

   57 bloque_obstaculos: bloque_obstaculos ESTE expr '\n' .

    $default  reduce usando la regla 57 (bloque_obstaculos)


Estado 155

   58 bloque_obstaculos: bloque_obstaculos OESTE expr '\n' .

    $default  reduce usando la regla 58 (bloque_obstaculos)


Estado 156

   73 bucle: REPITE expr '\n' . bloque_obstaculos FINREPITE '\n'

    $default  reduce usando la regla 52 (bloque_obstaculos)

    bloque_obstaculos  ir al estado 163


Estado 157

   75 condicional: IF expr_logica '\n' . THEN '\n' bloque_obstaculos ELSE '\n' bloque_obstaculos ENDIF '\n'

    THEN  desplazar e ir al estado 164


Estado 158

   48 bloque_configuracion: bloque_configuracion ENTRADA '<' expr ',' expr '>' . '\n'

    '\n'  desplazar e ir al estado 165


Estado 159

   50 bloque_configuracion: bloque_configuracion SALIDA '<' expr ',' expr '>' . '\n'

    '\n'  desplazar e ir al estado 166


Estado 160

    2 lista_instrucciones: DEFINICIONES '\n' bloque_definiciones CONFIGURACION '\n' bloque_configuracion OBSTACULOS '\n' bloque_obstaculos EJEMPLOS . '\n' bloque_ejemplos

    '\n'  desplazar e ir al estado 167


Estado 161

   54 bloque_obstaculos: bloque_obstaculos OBSTACULO '<' expr ',' . expr '>' '\n'

    ENTERO    desplazar e ir al estado 16
    VARIABLE  desplazar e ir al estado 17
    REAL      desplazar e ir al estado 19
    '-'       desplazar e ir al estado 21
    '('       desplazar e ir al estado 42

    expr  ir al estado 168


Estado 162

   65 bloque_ejemplos: bloque_ejemplos EJEMPLO . VARIABLE '\n' bloque_ejemplos_anidado FINEJEMPLO '\n'

    VARIABLE  desplazar e ir al estado 169


Estado 163

   53 bloque_obstaculos: bloque_obstaculos . asignacion
   54                  | bloque_obstaculos . OBSTACULO '<' expr ',' expr '>' '\n'
   55                  | bloque_obstaculos . OBSTACULO VARIABLE '\n'
   56                  | bloque_obstaculos . SUR expr '\n'
   57                  | bloque_obstaculos . ESTE expr '\n'
   58                  | bloque_obstaculos . OESTE expr '\n'
   59                  | bloque_obstaculos . NORTE expr '\n'
   60                  | bloque_obstaculos . OBSTACULO '\n'
   61                  | bloque_obstaculos . bucle
   62                  | bloque_obstaculos . condicional
   63                  | bloque_obstaculos . asignacion
   73 bucle: REPITE expr '\n' bloque_obstaculos . FINREPITE '\n'

    error      desplazar e ir al estado 119
    OBSTACULO  desplazar e ir al estado 120
    VARIABLE   desplazar e ir al estado 2
    ESCRIBIR   desplazar e ir al estado 3
    NORTE      desplazar e ir al estado 122
    SUR        desplazar e ir al estado 123
    ESTE       desplazar e ir al estado 124
    OESTE      desplazar e ir al estado 125
    REPITE     desplazar e ir al estado 126
    FINREPITE  desplazar e ir al estado 170
    IF         desplazar e ir al estado 127

    error      [reduce usando la regla 72 (bucle)]
    error      [reduce usando la regla 74 (condicional)]
    OBSTACULO  [reduce usando la regla 72 (bucle)]
    OBSTACULO  [reduce usando la regla 74 (condicional)]
    VARIABLE   [reduce usando la regla 72 (bucle)]
    VARIABLE   [reduce usando la regla 74 (condicional)]
    ESCRIBIR   [reduce usando la regla 72 (bucle)]
    ESCRIBIR   [reduce usando la regla 74 (condicional)]
    NORTE      [reduce usando la regla 72 (bucle)]
    NORTE      [reduce usando la regla 74 (condicional)]
    SUR        [reduce usando la regla 72 (bucle)]
    SUR        [reduce usando la regla 74 (condicional)]
    ESTE       [reduce usando la regla 72 (bucle)]
    ESTE       [reduce usando la regla 74 (condicional)]
    OESTE      [reduce usando la regla 72 (bucle)]
    OESTE      [reduce usando la regla 74 (condicional)]
    REPITE     [reduce usando la regla 72 (bucle)]
    REPITE     [reduce usando la regla 74 (condicional)]
    FINREPITE  [reduce usando la regla 72 (bucle)]
    FINREPITE  [reduce usando la regla 74 (condicional)]
    IF         [reduce usando la regla 72 (bucle)]
    IF         [reduce usando la regla 74 (condicional)]

    asignacion   ir al estado 128
    bucle        ir al estado 129
    condicional  ir al estado 130


Estado 164

   75 condicional: IF expr_logica '\n' THEN . '\n' bloque_obstaculos ELSE '\n' bloque_obstaculos ENDIF '\n'

    '\n'  desplazar e ir al estado 171


Estado 165

   48 bloque_configuracion: bloque_configuracion ENTRADA '<' expr ',' expr '>' '\n' .

    $default  reduce usando la regla 48 (bloque_configuracion)


Estado 166

   50 bloque_configuracion: bloque_configuracion SALIDA '<' expr ',' expr '>' '\n' .

    $default  reduce usando la regla 50 (bloque_configuracion)


Estado 167

    2 lista_instrucciones: DEFINICIONES '\n' bloque_definiciones CONFIGURACION '\n' bloque_configuracion OBSTACULOS '\n' bloque_obstaculos EJEMPLOS '\n' . bloque_ejemplos

    $default  reduce usando la regla 64 (bloque_ejemplos)

    bloque_ejemplos  ir al estado 172


Estado 168

   24 expr: expr . '+' expr
   25     | expr . '-' expr
   26     | expr . '*' expr
   27     | expr . '/' expr
   28     | expr . '^' expr
   29     | expr . '%' expr
   54 bloque_obstaculos: bloque_obstaculos OBSTACULO '<' expr ',' expr . '>' '\n'

    '>'  desplazar e ir al estado 173
    '+'  desplazar e ir al estado 52
    '-'  desplazar e ir al estado 53
    '*'  desplazar e ir al estado 54
    '/'  desplazar e ir al estado 55
    '%'  desplazar e ir al estado 56
    '^'  desplazar e ir al estado 57


Estado 169

   65 bloque_ejemplos: bloque_ejemplos EJEMPLO VARIABLE . '\n' bloque_ejemplos_anidado FINEJEMPLO '\n'

    '\n'  desplazar e ir al estado 174


Estado 170

   73 bucle: REPITE expr '\n' bloque_obstaculos FINREPITE . '\n'

    '\n'  desplazar e ir al estado 175


Estado 171

   75 condicional: IF expr_logica '\n' THEN '\n' . bloque_obstaculos ELSE '\n' bloque_obstaculos ENDIF '\n'

    $default  reduce usando la regla 52 (bloque_obstaculos)

    bloque_obstaculos  ir al estado 176


Estado 172

    2 lista_instrucciones: DEFINICIONES '\n' bloque_definiciones CONFIGURACION '\n' bloque_configuracion OBSTACULOS '\n' bloque_obstaculos EJEMPLOS '\n' bloque_ejemplos .
   65 bloque_ejemplos: bloque_ejemplos . EJEMPLO VARIABLE '\n' bloque_ejemplos_anidado FINEJEMPLO '\n'

    EJEMPLO  desplazar e ir al estado 162

    $default  reduce usando la regla 2 (lista_instrucciones)


Estado 173

   54 bloque_obstaculos: bloque_obstaculos OBSTACULO '<' expr ',' expr '>' . '\n'

    '\n'  desplazar e ir al estado 177


Estado 174

   65 bloque_ejemplos: bloque_ejemplos EJEMPLO VARIABLE '\n' . bloque_ejemplos_anidado FINEJEMPLO '\n'

    $default  reduce usando la regla 66 (bloque_ejemplos_anidado)

    bloque_ejemplos_anidado  ir al estado 178


Estado 175

   73 bucle: REPITE expr '\n' bloque_obstaculos FINREPITE '\n' .

    $default  reduce usando la regla 73 (bucle)


Estado 176

   53 bloque_obstaculos: bloque_obstaculos . asignacion
   54                  | bloque_obstaculos . OBSTACULO '<' expr ',' expr '>' '\n'
   55                  | bloque_obstaculos . OBSTACULO VARIABLE '\n'
   56                  | bloque_obstaculos . SUR expr '\n'
   57                  | bloque_obstaculos . ESTE expr '\n'
   58                  | bloque_obstaculos . OESTE expr '\n'
   59                  | bloque_obstaculos . NORTE expr '\n'
   60                  | bloque_obstaculos . OBSTACULO '\n'
   61                  | bloque_obstaculos . bucle
   62                  | bloque_obstaculos . condicional
   63                  | bloque_obstaculos . asignacion
   75 condicional: IF expr_logica '\n' THEN '\n' bloque_obstaculos . ELSE '\n' bloque_obstaculos ENDIF '\n'

    error      desplazar e ir al estado 119
    OBSTACULO  desplazar e ir al estado 120
    VARIABLE   desplazar e ir al estado 2
    ESCRIBIR   desplazar e ir al estado 3
    NORTE      desplazar e ir al estado 122
    SUR        desplazar e ir al estado 123
    ESTE       desplazar e ir al estado 124
    OESTE      desplazar e ir al estado 125
    REPITE     desplazar e ir al estado 126
    IF         desplazar e ir al estado 127
    ELSE       desplazar e ir al estado 179

    error      [reduce usando la regla 72 (bucle)]
    error      [reduce usando la regla 74 (condicional)]
    OBSTACULO  [reduce usando la regla 72 (bucle)]
    OBSTACULO  [reduce usando la regla 74 (condicional)]
    VARIABLE   [reduce usando la regla 72 (bucle)]
    VARIABLE   [reduce usando la regla 74 (condicional)]
    ESCRIBIR   [reduce usando la regla 72 (bucle)]
    ESCRIBIR   [reduce usando la regla 74 (condicional)]
    NORTE      [reduce usando la regla 72 (bucle)]
    NORTE      [reduce usando la regla 74 (condicional)]
    SUR        [reduce usando la regla 72 (bucle)]
    SUR        [reduce usando la regla 74 (condicional)]
    ESTE       [reduce usando la regla 72 (bucle)]
    ESTE       [reduce usando la regla 74 (condicional)]
    OESTE      [reduce usando la regla 72 (bucle)]
    OESTE      [reduce usando la regla 74 (condicional)]
    REPITE     [reduce usando la regla 72 (bucle)]
    REPITE     [reduce usando la regla 74 (condicional)]
    IF         [reduce usando la regla 72 (bucle)]
    IF         [reduce usando la regla 74 (condicional)]
    ELSE       [reduce usando la regla 72 (bucle)]
    ELSE       [reduce usando la regla 74 (condicional)]

    asignacion   ir al estado 128
    bucle        ir al estado 129
    condicional  ir al estado 130


Estado 177

   54 bloque_obstaculos: bloque_obstaculos OBSTACULO '<' expr ',' expr '>' '\n' .

    $default  reduce usando la regla 54 (bloque_obstaculos)


Estado 178

   65 bloque_ejemplos: bloque_ejemplos EJEMPLO VARIABLE '\n' bloque_ejemplos_anidado . FINEJEMPLO '\n'
   67 bloque_ejemplos_anidado: bloque_ejemplos_anidado . SUR expr '\n'
   68                        | bloque_ejemplos_anidado . ESTE expr '\n'
   69                        | bloque_ejemplos_anidado . OESTE expr '\n'
   70                        | bloque_ejemplos_anidado . NORTE expr '\n'
   71                        | bloque_ejemplos_anidado . asignacion

    error       desplazar e ir al estado 119
    VARIABLE    desplazar e ir al estado 2
    ESCRIBIR    desplazar e ir al estado 3
    NORTE       desplazar e ir al estado 180
    SUR         desplazar e ir al estado 181
    ESTE        desplazar e ir al estado 182
    OESTE       desplazar e ir al estado 183
    FINEJEMPLO  desplazar e ir al estado 184

    asignacion  ir al estado 185


Estado 179

   75 condicional: IF expr_logica '\n' THEN '\n' bloque_obstaculos ELSE . '\n' bloque_obstaculos ENDIF '\n'

    '\n'  desplazar e ir al estado 186


Estado 180

   70 bloque_ejemplos_anidado: bloque_ejemplos_anidado NORTE . expr '\n'

    ENTERO    desplazar e ir al estado 16
    VARIABLE  desplazar e ir al estado 17
    REAL      desplazar e ir al estado 19
    '-'       desplazar e ir al estado 21
    '('       desplazar e ir al estado 42

    expr  ir al estado 187


Estado 181

   67 bloque_ejemplos_anidado: bloque_ejemplos_anidado SUR . expr '\n'

    ENTERO    desplazar e ir al estado 16
    VARIABLE  desplazar e ir al estado 17
    REAL      desplazar e ir al estado 19
    '-'       desplazar e ir al estado 21
    '('       desplazar e ir al estado 42

    expr  ir al estado 188


Estado 182

   68 bloque_ejemplos_anidado: bloque_ejemplos_anidado ESTE . expr '\n'

    ENTERO    desplazar e ir al estado 16
    VARIABLE  desplazar e ir al estado 17
    REAL      desplazar e ir al estado 19
    '-'       desplazar e ir al estado 21
    '('       desplazar e ir al estado 42

    expr  ir al estado 189


Estado 183

   69 bloque_ejemplos_anidado: bloque_ejemplos_anidado OESTE . expr '\n'

    ENTERO    desplazar e ir al estado 16
    VARIABLE  desplazar e ir al estado 17
    REAL      desplazar e ir al estado 19
    '-'       desplazar e ir al estado 21
    '('       desplazar e ir al estado 42

    expr  ir al estado 190


Estado 184

   65 bloque_ejemplos: bloque_ejemplos EJEMPLO VARIABLE '\n' bloque_ejemplos_anidado FINEJEMPLO . '\n'

    '\n'  desplazar e ir al estado 191


Estado 185

   71 bloque_ejemplos_anidado: bloque_ejemplos_anidado asignacion .

    $default  reduce usando la regla 71 (bloque_ejemplos_anidado)


Estado 186

   75 condicional: IF expr_logica '\n' THEN '\n' bloque_obstaculos ELSE '\n' . bloque_obstaculos ENDIF '\n'

    $default  reduce usando la regla 52 (bloque_obstaculos)

    bloque_obstaculos  ir al estado 192


Estado 187

   24 expr: expr . '+' expr
   25     | expr . '-' expr
   26     | expr . '*' expr
   27     | expr . '/' expr
   28     | expr . '^' expr
   29     | expr . '%' expr
   70 bloque_ejemplos_anidado: bloque_ejemplos_anidado NORTE expr . '\n'

    '+'   desplazar e ir al estado 52
    '-'   desplazar e ir al estado 53
    '*'   desplazar e ir al estado 54
    '/'   desplazar e ir al estado 55
    '%'   desplazar e ir al estado 56
    '^'   desplazar e ir al estado 57
    '\n'  desplazar e ir al estado 193


Estado 188

   24 expr: expr . '+' expr
   25     | expr . '-' expr
   26     | expr . '*' expr
   27     | expr . '/' expr
   28     | expr . '^' expr
   29     | expr . '%' expr
   67 bloque_ejemplos_anidado: bloque_ejemplos_anidado SUR expr . '\n'

    '+'   desplazar e ir al estado 52
    '-'   desplazar e ir al estado 53
    '*'   desplazar e ir al estado 54
    '/'   desplazar e ir al estado 55
    '%'   desplazar e ir al estado 56
    '^'   desplazar e ir al estado 57
    '\n'  desplazar e ir al estado 194


Estado 189

   24 expr: expr . '+' expr
   25     | expr . '-' expr
   26     | expr . '*' expr
   27     | expr . '/' expr
   28     | expr . '^' expr
   29     | expr . '%' expr
   68 bloque_ejemplos_anidado: bloque_ejemplos_anidado ESTE expr . '\n'

    '+'   desplazar e ir al estado 52
    '-'   desplazar e ir al estado 53
    '*'   desplazar e ir al estado 54
    '/'   desplazar e ir al estado 55
    '%'   desplazar e ir al estado 56
    '^'   desplazar e ir al estado 57
    '\n'  desplazar e ir al estado 195


Estado 190

   24 expr: expr . '+' expr
   25     | expr . '-' expr
   26     | expr . '*' expr
   27     | expr . '/' expr
   28     | expr . '^' expr
   29     | expr . '%' expr
   69 bloque_ejemplos_anidado: bloque_ejemplos_anidado OESTE expr . '\n'

    '+'   desplazar e ir al estado 52
    '-'   desplazar e ir al estado 53
    '*'   desplazar e ir al estado 54
    '/'   desplazar e ir al estado 55
    '%'   desplazar e ir al estado 56
    '^'   desplazar e ir al estado 57
    '\n'  desplazar e ir al estado 196


Estado 191

   65 bloque_ejemplos: bloque_ejemplos EJEMPLO VARIABLE '\n' bloque_ejemplos_anidado FINEJEMPLO '\n' .

    $default  reduce usando la regla 65 (bloque_ejemplos)


Estado 192

   53 bloque_obstaculos: bloque_obstaculos . asignacion
   54                  | bloque_obstaculos . OBSTACULO '<' expr ',' expr '>' '\n'
   55                  | bloque_obstaculos . OBSTACULO VARIABLE '\n'
   56                  | bloque_obstaculos . SUR expr '\n'
   57                  | bloque_obstaculos . ESTE expr '\n'
   58                  | bloque_obstaculos . OESTE expr '\n'
   59                  | bloque_obstaculos . NORTE expr '\n'
   60                  | bloque_obstaculos . OBSTACULO '\n'
   61                  | bloque_obstaculos . bucle
   62                  | bloque_obstaculos . condicional
   63                  | bloque_obstaculos . asignacion
   75 condicional: IF expr_logica '\n' THEN '\n' bloque_obstaculos ELSE '\n' bloque_obstaculos . ENDIF '\n'

    error      desplazar e ir al estado 119
    OBSTACULO  desplazar e ir al estado 120
    VARIABLE   desplazar e ir al estado 2
    ESCRIBIR   desplazar e ir al estado 3
    NORTE      desplazar e ir al estado 122
    SUR        desplazar e ir al estado 123
    ESTE       desplazar e ir al estado 124
    OESTE      desplazar e ir al estado 125
    REPITE     desplazar e ir al estado 126
    IF         desplazar e ir al estado 127
    ENDIF      desplazar e ir al estado 197

    error      [reduce usando la regla 72 (bucle)]
    error      [reduce usando la regla 74 (condicional)]
    OBSTACULO  [reduce usando la regla 72 (bucle)]
    OBSTACULO  [reduce usando la regla 74 (condicional)]
    VARIABLE   [reduce usando la regla 72 (bucle)]
    VARIABLE   [reduce usando la regla 74 (condicional)]
    ESCRIBIR   [reduce usando la regla 72 (bucle)]
    ESCRIBIR   [reduce usando la regla 74 (condicional)]
    NORTE      [reduce usando la regla 72 (bucle)]
    NORTE      [reduce usando la regla 74 (condicional)]
    SUR        [reduce usando la regla 72 (bucle)]
    SUR        [reduce usando la regla 74 (condicional)]
    ESTE       [reduce usando la regla 72 (bucle)]
    ESTE       [reduce usando la regla 74 (condicional)]
    OESTE      [reduce usando la regla 72 (bucle)]
    OESTE      [reduce usando la regla 74 (condicional)]
    REPITE     [reduce usando la regla 72 (bucle)]
    REPITE     [reduce usando la regla 74 (condicional)]
    IF         [reduce usando la regla 72 (bucle)]
    IF         [reduce usando la regla 74 (condicional)]
    ENDIF      [reduce usando la regla 72 (bucle)]
    ENDIF      [reduce usando la regla 74 (condicional)]

    asignacion   ir al estado 128
    bucle        ir al estado 129
    condicional  ir al estado 130


Estado 193

   70 bloque_ejemplos_anidado: bloque_ejemplos_anidado NORTE expr '\n' .

    $default  reduce usando la regla 70 (bloque_ejemplos_anidado)


Estado 194

   67 bloque_ejemplos_anidado: bloque_ejemplos_anidado SUR expr '\n' .

    $default  reduce usando la regla 67 (bloque_ejemplos_anidado)


Estado 195

   68 bloque_ejemplos_anidado: bloque_ejemplos_anidado ESTE expr '\n' .

    $default  reduce usando la regla 68 (bloque_ejemplos_anidado)


Estado 196

   69 bloque_ejemplos_anidado: bloque_ejemplos_anidado OESTE expr '\n' .

    $default  reduce usando la regla 69 (bloque_ejemplos_anidado)


Estado 197

   75 condicional: IF expr_logica '\n' THEN '\n' bloque_obstaculos ELSE '\n' bloque_obstaculos ENDIF . '\n'

    '\n'  desplazar e ir al estado 198


Estado 198

   75 condicional: IF expr_logica '\n' THEN '\n' bloque_obstaculos ELSE '\n' bloque_obstaculos ENDIF '\n' .

    $default  reduce usando la regla 75 (condicional)
